#
# A fatal error has been detected by the Java Runtime Environment:
#
#  EXCEPTION_ACCESS_VIOLATION (0xc0000005) at pc=0x00007ff9e5e6656e, pid=14876, tid=15532
#
# JRE version: OpenJDK Runtime Environment Temurin-17.0.13+11 (17.0.13+11) (build 17.0.13+11)
# Java VM: OpenJDK 64-Bit Server VM Temurin-17.0.13+11 (17.0.13+11, mixed mode, tiered, compressed oops, compressed class ptrs, parallel gc, windows-amd64)
# Problematic frame:
# C  [ucrtbase.dll+0x1656e]
#
# No core dump will be written. Minidumps are not enabled by default on client versions of Windows
#
# If you would like to submit a bug report, please visit:
#   https://github.com/adoptium/adoptium-support/issues
#

---------------  S U M M A R Y ------------

Command Line: --add-modules=ALL-SYSTEM --add-opens=java.base/java.util=ALL-UNNAMED --add-opens=java.base/java.lang=ALL-UNNAMED --add-opens=java.base/sun.nio.fs=ALL-UNNAMED -Declipse.application=org.eclipse.jdt.ls.core.id1 -Dosgi.bundles.defaultStartLevel=4 -Declipse.product=org.eclipse.jdt.ls.core.product -Djava.import.generatesMetadataFilesAtProjectRoot=false -DDetectVMInstallationsJob.disabled=true -Dfile.encoding=utf8 -XX:+UseParallelGC -XX:GCTimeRatio=4 -XX:AdaptiveSizePolicyWeight=90 -Dsun.zip.disableMemoryMapping=true -Xmx1G -Xms100m -Xlog:disable -javaagent:c:\Users\Zaki\.vscode\extensions\redhat.java-1.36.0-win32-x64\lombok\lombok-1.18.35.jar -XX:+HeapDumpOnOutOfMemoryError -XX:HeapDumpPath=c:\Users\Zaki\AppData\Roaming\Code\User\workspaceStorage\3bf5f1aec38f26d514bc89458b725582\redhat.java -Daether.dependencyCollector.impl=bf c:\Users\Zaki\.vscode\extensions\redhat.java-1.36.0-win32-x64\server\plugins\org.eclipse.equinox.launcher_1.6.900.v20240613-2009.jar -configuration c:\Users\Zaki\AppData\Roaming\Code\User\globalStorage\redhat.java\1.36.0\config_win -data c:\Users\Zaki\AppData\Roaming\Code\User\workspaceStorage\3bf5f1aec38f26d514bc89458b725582\redhat.java\jdt_ws --pipe=\\.\pipe\lsp-2e7aacf3ff8660b491e1c79b50957c74-sock

Host: AMD Ryzen 7 4800H with Radeon Graphics         , 16 cores, 15G,  Windows 11 , 64 bit Build 22621 (10.0.22621.4391)
Time: Mon Nov  4 15:03:31 2024 SE Asia Standard Time elapsed time: 10.849681 seconds (0d 0h 0m 10s)

---------------  T H R E A D  ---------------

Current thread (0x0000015ed87b1840):  JavaThread "C1 CompilerThread2" daemon [_thread_in_vm, id=15532, stack(0x0000005e4cd00000,0x0000005e4ce00000)]


Current CompileTask:
C1:  10849 2600       3       com.sun.org.apache.xerces.internal.impl.XMLEntityManager::setFeature (92 bytes)

Stack: [0x0000005e4cd00000,0x0000005e4ce00000],  sp=0x0000005e4cdfe5b8,  free space=1017k
Native frames: (J=compiled Java code, j=interpreted, Vv=VM code, C=native code)
C  [ucrtbase.dll+0x1656e]
C  0x0000005e4cdfe700


siginfo: EXCEPTION_ACCESS_VIOLATION (0xc0000005), writing address 0x0000000000000074


Registers:
RAX=0x0000000000000074, RBX=0x0000005e4cdfe700, RCX=0x0000000000000020, RDX=0x000000007fffffff
RSP=0x0000005e4cdfe5b8, RBP=0x0000000000008000, RSI=0x0000000000000000, RDI=0x0000005e4cdfe700
R8 =0xffffffffffffffff, R9 =0x0000000000000001, R10=0x000000000000001f, R11=0x0000000000000073
R12=0x0000015ed87ae550, R13=0x0000015eda6e4ae0, R14=0x00007ff9e5e50000, R15=0x0000005e4cdff520
RIP=0x00007ff9e5e6656e, EFLAGS=0x0000000000010287


Register to memory mapping:

RIP=0x00007ff9e5e6656e ucrtbase.dll
RAX=0x0000000000000074 is an unknown value
RBX=0x0000005e4cdfe700 is pointing into the stack for thread: 0x0000015ed87b1840
RCX=0x0000000000000020 is an unknown value
RDX=0x000000007fffffff is an unknown value
RSP=0x0000005e4cdfe5b8 is pointing into the stack for thread: 0x0000015ed87b1840
RBP=0x0000000000008000 is an unknown value
RSI=0x0 is NULL
RDI=0x0000005e4cdfe700 is pointing into the stack for thread: 0x0000015ed87b1840
R8 =0xffffffffffffffff is an unknown value
R9 =0x0000000000000001 is an unknown value
R10=0x000000000000001f is an unknown value
R11=0x0000000000000073 is an unknown value
R12=0x0000015ed87ae550 points into unknown readable memory: 0x0000015ed87b1840 | 40 18 7b d8 5e 01 00 00
R13=0x0000015eda6e4ae0 points into unknown readable memory: 0x0000000000000000 | 00 00 00 00 00 00 00 00
R14=0x00007ff9e5e50000 ucrtbase.dll
R15=0x0000005e4cdff520 is pointing into the stack for thread: 0x0000015ed87b1840


Top of Stack: (sp=0x0000005e4cdfe5b8)
0x0000005e4cdfe5b8:   00007ff9e5e6654d 0000000000000048
0x0000005e4cdfe5c8:   0000001400000001 0000015edb2ad2b0
0x0000005e4cdfe5d8:   00007ff976b75984 0000005e4cdfe700
0x0000005e4cdfe5e8:   00007ff9e5e64f11 0000000000008000
0x0000005e4cdfe5f8:   0000005e4cdfe700 0000000000000000
0x0000005e4cdfe608:   00007ff976b75c5d 0000000000000000
0x0000005e4cdfe618:   00007ff976b7890d 00007ff9e5000000
0x0000005e4cdfe628:   00007ff9e5e68c05 c2614e000000015e
0x0000005e4cdfe638:   00000d89071c0d8a 0000005e4cdff520
0x0000005e4cdfe648:   00007ff9e5e50000 0000015eda6e4ae0
0x0000005e4cdfe658:   0000015ed87ae550 0000005e4cdfebe0
0x0000005e4cdfe668:   00007ff9e5e64d91 00007ff9773459c6
0x0000005e4cdfe678:   0000005e4cdfe700 0000000000008000
0x0000005e4cdfe688:   0000000000000000 0000000000000000
0x0000005e4cdfe698:   0000000000000060 0000000000000002
0x0000005e4cdfe6a8:   00007ff9e5e62d90 00000000000007d0
0x0000005e4cdfe6b8:   0000005e4cdfe7b0 0000000000000026
0x0000005e4cdfe6c8:   0000005e4cdfecf0 0000000000000064
0x0000005e4cdfe6d8:   00007ff976b32afa 0000005e4cdfed1f
0x0000005e4cdfe6e8:   00000000000007d0 000000000000002f
0x0000005e4cdfe6f8:   0000000000000001 0000000000000026
0x0000005e4cdfe708:   0000005e4cdfebe0 00007ff977346621
0x0000005e4cdfe718:   0000005e4cdff558 000000070000002f
0x0000005e4cdfe728:   0000000000000000 00000000ffffffff
0x0000005e4cdfe738:   00007ff976b77300 0000000000000001
0x0000005e4cdfe748:   0000000000000000 0000000000000020
0x0000005e4cdfe758:   0000000000000000 0000015eda564b80
0x0000005e4cdfe768:   0000015edb2ac490 0000015edb2ac400
0x0000005e4cdfe778:   0000000000000003 0000015eda594470
0x0000005e4cdfe788:   0000015e00000072 0000015eda594570
0x0000005e4cdfe798:   0000015edb2ada30 0000000000000003
0x0000005e4cdfe7a8:   0000000000000010 0000015eda594570 

Instructions: (pc=0x00007ff9e5e6656e)
0x00007ff9e5e6646e:   01 0b 00 00 00 0b 0b 0b 0b 0b 0b 0b 0b 0b 0b 0b
0x00007ff9e5e6647e:   02 0b 0b 0b 0b 03 0b 04 0b 0b 0b 0b 0b 0b 00 0b
0x00007ff9e5e6648e:   01 05 00 00 00 0b 05 0b 0b 0b 0b 06 07 08 0b 0b
0x00007ff9e5e6649e:   02 0b 09 0b 0b 0a cc cc cc cc cc cc cc cc 48 89
0x00007ff9e5e664ae:   5c 24 08 4c 89 4c 24 20 57 48 83 ec 20 49 8b d9
0x00007ff9e5e664be:   49 8b f8 48 63 02 48 8d 0c 80 48 8d 05 d1 ad 0e
0x00007ff9e5e664ce:   00 48 8d 0c c8 ff 15 a7 25 0b 00 90 48 8b cf e8
0x00007ff9e5e664de:   c6 d0 03 00 90 48 8b cb e8 cd ce 03 00 48 8b 5c
0x00007ff9e5e664ee:   24 30 48 83 c4 20 5f c3 cc cc cc cc cc cc 40 53
0x00007ff9e5e664fe:   48 83 ec 20 48 8b 51 18 48 8b d9 48 8d 42 08 48
0x00007ff9e5e6650e:   89 41 18 b8 ff ff ff 7f 44 8b 51 30 41 83 fa ff
0x00007ff9e5e6651e:   4c 8b 0a 8a 51 39 44 0f 44 d0 44 8b 41 34 4c 89
0x00007ff9e5e6652e:   49 40 e8 43 00 00 00 84 c0 75 1f 4d 85 c9 0f 84
0x00007ff9e5e6653e:   92 a8 04 00 49 63 d2 49 8b c9 e8 33 72 01 00 89
0x00007ff9e5e6654e:   43 48 b0 01 48 83 c4 20 5b c3 4d 85 c9 0f 84 63
0x00007ff9e5e6655e:   a8 04 00 49 63 d2 49 8b c9 c6 43 4c 01 e8 b0 74
0x00007ff9e5e6656e:   01 00 eb db cc cc cc cc cc cc 41 8b c8 83 e9 02
0x00007ff9e5e6657e:   74 1d 83 e9 01 74 15 83 f9 09 74 10 41 83 f8 0d
0x00007ff9e5e6658e:   74 0d 80 ea 63 f6 c2 ef 0f 95 c0 c3 b0 01 c3 32
0x00007ff9e5e6659e:   c0 c3 cc cc cc cc cc cc cc cc 40 53 48 83 ec 20
0x00007ff9e5e665ae:   48 8b 51 18 48 8b d9 48 8d 42 08 48 89 41 18 b8
0x00007ff9e5e665be:   ff ff ff 7f 44 8b 59 30 41 83 fb ff 4c 8b 12 44
0x00007ff9e5e665ce:   8b 41 34 44 0f 44 d8 0f b7 51 3a 4c 89 51 40 48
0x00007ff9e5e665de:   8b 09 e8 57 00 00 00 84 c0 74 1f 4d 85 d2 74 39
0x00007ff9e5e665ee:   49 63 d3 49 8b ca c6 43 4c 01 e8 23 74 01 00 89
0x00007ff9e5e665fe:   43 48 b0 01 48 83 c4 20 5b c3 4d 85 d2 48 8d 0d
0x00007ff9e5e6660e:   1e 60 0c 00 41 8b d3 49 0f 45 ca 48 89 4b 40 48
0x00007ff9e5e6661e:   8b cb e8 e7 16 00 00 eb d6 4c 8d 15 0a 60 0c 00
0x00007ff9e5e6662e:   4c 89 53 40 eb ba cc cc cc cc cc cc cc cc 45 8b
0x00007ff9e5e6663e:   c8 41 83 e9 02 74 2d 41 83 e9 01 74 06 41 83 f9
0x00007ff9e5e6664e:   09 75 03 b0 01 c3 41 83 f8 0d 74 f7 83 e1 04 66
0x00007ff9e5e6665e:   83 ea 63 b8 ef ff 00 00 66 85 d0 75 0a 48 85 c9 


Stack slot to memory mapping:
stack at sp + 0 slots: 0x00007ff9e5e6654d ucrtbase.dll
stack at sp + 1 slots: 0x0000000000000048 is an unknown value
stack at sp + 2 slots: 0x0000001400000001 is an unknown value
stack at sp + 3 slots: 0x0000015edb2ad2b0 points into unknown readable memory: 0x0000000000000000 | 00 00 00 00 00 00 00 00
stack at sp + 4 slots: 0x00007ff976b75984 jvm.dll
stack at sp + 5 slots: 0x0000005e4cdfe700 is pointing into the stack for thread: 0x0000015ed87b1840
stack at sp + 6 slots: 0x00007ff9e5e64f11 ucrtbase.dll
stack at sp + 7 slots: 0x0000000000008000 is an unknown value


---------------  P R O C E S S  ---------------

Threads class SMR info:
_java_thread_list=0x0000015edada70b0, length=22, elements={
0x0000015ebf473860, 0x0000015ed8629030, 0x0000015ed862b2b0, 0x0000015ed8654f10,
0x0000015ed8657bf0, 0x0000015ed8658850, 0x0000015ed8659b50, 0x0000015ed8662540,
0x0000015ed8663790, 0x0000015ed8664970, 0x0000015ebf4d7850, 0x0000015eda6258d0,
0x0000015edb076580, 0x0000015edb0d43c0, 0x0000015edb0bdf10, 0x0000015edb096830,
0x0000015ed888b010, 0x0000015edadfce00, 0x0000015edaf8f520, 0x0000015edadfc8f0,
0x0000015ed87b1840, 0x0000015edacf9900
}

Java Threads: ( => current thread )
  0x0000015ebf473860 JavaThread "main" [_thread_blocked, id=15404, stack(0x0000005e4ad00000,0x0000005e4ae00000)]
  0x0000015ed8629030 JavaThread "Reference Handler" daemon [_thread_blocked, id=2640, stack(0x0000005e4b000000,0x0000005e4b100000)]
  0x0000015ed862b2b0 JavaThread "Finalizer" daemon [_thread_blocked, id=11660, stack(0x0000005e4b100000,0x0000005e4b200000)]
  0x0000015ed8654f10 JavaThread "Signal Dispatcher" daemon [_thread_blocked, id=16288, stack(0x0000005e4b200000,0x0000005e4b300000)]
  0x0000015ed8657bf0 JavaThread "Attach Listener" daemon [_thread_blocked, id=19776, stack(0x0000005e4b300000,0x0000005e4b400000)]
  0x0000015ed8658850 JavaThread "Service Thread" daemon [_thread_blocked, id=16896, stack(0x0000005e4b400000,0x0000005e4b500000)]
  0x0000015ed8659b50 JavaThread "Monitor Deflation Thread" daemon [_thread_blocked, id=7484, stack(0x0000005e4b500000,0x0000005e4b600000)]
  0x0000015ed8662540 JavaThread "C2 CompilerThread0" daemon [_thread_in_native, id=3564, stack(0x0000005e4b600000,0x0000005e4b700000)]
  0x0000015ed8663790 JavaThread "C1 CompilerThread0" daemon [_thread_blocked, id=16076, stack(0x0000005e4b700000,0x0000005e4b800000)]
  0x0000015ed8664970 JavaThread "Sweeper thread" daemon [_thread_blocked, id=19324, stack(0x0000005e4b800000,0x0000005e4b900000)]
  0x0000015ebf4d7850 JavaThread "Common-Cleaner" daemon [_thread_blocked, id=20992, stack(0x0000005e4b900000,0x0000005e4ba00000)]
  0x0000015eda6258d0 JavaThread "Notification Thread" daemon [_thread_blocked, id=2284, stack(0x0000005e4bf00000,0x0000005e4c000000)]
  0x0000015edb076580 JavaThread "Active Thread: Equinox Container: c6d6850a-e569-4941-b503-bfb43b87ec4b" [_thread_blocked, id=16160, stack(0x0000005e4c600000,0x0000005e4c700000)]
  0x0000015edb0d43c0 JavaThread "Refresh Thread: Equinox Container: c6d6850a-e569-4941-b503-bfb43b87ec4b" daemon [_thread_blocked, id=16340, stack(0x0000005e4bb00000,0x0000005e4bc00000)]
  0x0000015edb0bdf10 JavaThread "Framework Event Dispatcher: Equinox Container: c6d6850a-e569-4941-b503-bfb43b87ec4b" daemon [_thread_blocked, id=11232, stack(0x0000005e4be00000,0x0000005e4bf00000)]
  0x0000015edb096830 JavaThread "Start Level: Equinox Container: c6d6850a-e569-4941-b503-bfb43b87ec4b" daemon [_thread_in_vm, id=16204, stack(0x0000005e4c700000,0x0000005e4c800000)]
  0x0000015ed888b010 JavaThread "Bundle File Closer" daemon [_thread_blocked, id=16824, stack(0x0000005e4c800000,0x0000005e4c900000)]
  0x0000015edadfce00 JavaThread "SCR Component Actor" daemon [_thread_blocked, id=8228, stack(0x0000005e4ba00000,0x0000005e4bb00000)]
  0x0000015edaf8f520 JavaThread "C1 CompilerThread1" daemon [_thread_blocked, id=3512, stack(0x0000005e4cb00000,0x0000005e4cc00000)]
  0x0000015edadfc8f0 JavaThread "SCR Component Registry" daemon [_thread_blocked, id=14748, stack(0x0000005e4cc00000,0x0000005e4cd00000)]
=>0x0000015ed87b1840 JavaThread "C1 CompilerThread2" daemon [_thread_in_vm, id=15532, stack(0x0000005e4cd00000,0x0000005e4ce00000)]
  0x0000015edacf9900 JavaThread "C2 CompilerThread1" daemon [_thread_in_native, id=17796, stack(0x0000005e4ce00000,0x0000005e4cf00000)]

Other Threads:
  0x0000015ebf51eaf0 VMThread "VM Thread" [stack: 0x0000005e4af00000,0x0000005e4b000000] [id=3052]
  0x0000015eda6026d0 WatcherThread [stack: 0x0000005e4c000000,0x0000005e4c100000] [id=16072]
  0x0000015ebf48a0e0 GCTaskThread "GC Thread#0" [stack: 0x0000005e4ae00000,0x0000005e4af00000] [id=19196]
  0x0000015edacc24e0 GCTaskThread "GC Thread#1" [stack: 0x0000005e4c100000,0x0000005e4c200000] [id=9660]
  0x0000015edacc0ee0 GCTaskThread "GC Thread#2" [stack: 0x0000005e4c200000,0x0000005e4c300000] [id=1312]
  0x0000015edacc1720 GCTaskThread "GC Thread#3" [stack: 0x0000005e4c300000,0x0000005e4c400000] [id=14892]
  0x0000015edacc19e0 GCTaskThread "GC Thread#4" [stack: 0x0000005e4c400000,0x0000005e4c500000] [id=11216]
  0x0000015edacc1ca0 GCTaskThread "GC Thread#5" [stack: 0x0000005e4c500000,0x0000005e4c600000] [id=21452]
  0x0000015edacc27a0 GCTaskThread "GC Thread#6" [stack: 0x0000005e4bc00000,0x0000005e4bd00000] [id=5564]
  0x0000015edacc11a0 GCTaskThread "GC Thread#7" [stack: 0x0000005e4bd00000,0x0000005e4be00000] [id=18760]
  0x0000015edacc1f60 GCTaskThread "GC Thread#8" [stack: 0x0000005e4c900000,0x0000005e4ca00000] [id=16176]
  0x0000015edacc2220 GCTaskThread "GC Thread#9" [stack: 0x0000005e4ca00000,0x0000005e4cb00000] [id=2624]

Threads with active compile tasks:
C2 CompilerThread0    10872 2684       4       com.sun.org.apache.xerces.internal.impl.io.UTF8Reader::read (1443 bytes)
C1 CompilerThread0    10872 2693       3       org.osgi.util.tracker.ServiceTracker::getService (33 bytes)
C1 CompilerThread2    10872 2600       3       com.sun.org.apache.xerces.internal.impl.XMLEntityManager::setFeature (92 bytes)
C2 CompilerThread1    10872 2685       4       com.sun.org.apache.xerces.internal.impl.XMLEntityScanner::skipSpaces (362 bytes)

VM state: not at safepoint (normal execution)

VM Mutex/Monitor currently owned by a thread: None

Heap address: 0x00000000c0000000, size: 1024 MB, Compressed Oops mode: 32-bit

CDS archive(s) not mapped
Compressed class space mapped at: 0x0000000100000000-0x0000000140000000, reserved size: 1073741824
Narrow klass base: 0x0000000000000000, Narrow klass shift: 3, Narrow klass range: 0x140000000

GC Precious Log:
 CPUs: 16 total, 16 available
 Memory: 15790M
 Large Page Support: Disabled
 NUMA Support: Disabled
 Compressed Oops: Enabled (32-bit)
 Alignments: Space 512K, Generation 512K, Heap 2M
 Heap Min Capacity: 100M
 Heap Initial Capacity: 100M
 Heap Max Capacity: 1G
 Pre-touch: Disabled
 Parallel Workers: 13

Heap:
 PSYoungGen      total 29696K, used 26400K [0x00000000eab00000, 0x00000000ecc00000, 0x0000000100000000)
  eden space 25600K, 87% used [0x00000000eab00000,0x00000000ec0ce728,0x00000000ec400000)
  from space 4096K, 99% used [0x00000000ec400000,0x00000000ec7f9988,0x00000000ec800000)
  to   space 4096K, 0% used [0x00000000ec800000,0x00000000ec800000,0x00000000ecc00000)
 ParOldGen       total 68608K, used 5688K [0x00000000c0000000, 0x00000000c4300000, 0x00000000eab00000)
  object space 68608K, 8% used [0x00000000c0000000,0x00000000c058e0e0,0x00000000c4300000)
 Metaspace       used 19262K, committed 19584K, reserved 1114112K
  class space    used 1933K, committed 2048K, reserved 1048576K

Card table byte_map: [0x0000015ebee00000,0x0000015ebf010000] _byte_map_base: 0x0000015ebe800000

Marking Bits: (ParMarkBitMap*) 0x00007ff9775a6940
 Begin Bits: [0x0000015ed1100000, 0x0000015ed2100000)
 End Bits:   [0x0000015ed2100000, 0x0000015ed3100000)

Polling page: 0x0000015ebd3d0000

Metaspace:

Usage:
  Non-class:     16.92 MB used.
      Class:      1.89 MB used.
       Both:     18.81 MB used.

Virtual space:
  Non-class space:       64.00 MB reserved,      17.12 MB ( 27%) committed,  1 nodes.
      Class space:        1.00 GB reserved,       2.00 MB ( <1%) committed,  1 nodes.
             Both:        1.06 GB reserved,      19.12 MB (  2%) committed. 

Chunk freelists:
   Non-Class:  14.11 MB
       Class:  13.91 MB
        Both:  28.02 MB

MaxMetaspaceSize: unlimited
CompressedClassSpaceSize: 1.00 GB
Initial GC threshold: 21.00 MB
Current GC threshold: 21.00 MB
CDS: off
MetaspaceReclaimPolicy: balanced
 - commit_granule_bytes: 65536.
 - commit_granule_words: 8192.
 - virtual_space_node_default_size: 8388608.
 - enlarge_chunks_in_place: 1.
 - new_chunks_are_fully_committed: 0.
 - uncommit_free_chunks: 1.
 - use_allocation_guard: 0.
 - handle_deallocations: 1.


Internal statistics:

num_allocs_failed_limit: 0.
num_arena_births: 142.
num_arena_deaths: 0.
num_vsnodes_births: 2.
num_vsnodes_deaths: 0.
num_space_committed: 306.
num_space_uncommitted: 0.
num_chunks_returned_to_freelist: 0.
num_chunks_taken_from_freelist: 483.
num_chunk_merges: 0.
num_chunk_splits: 311.
num_chunks_enlarged: 223.
num_inconsistent_stats: 0.

CodeHeap 'non-profiled nmethods': size=119168Kb used=1101Kb max_used=1101Kb free=118066Kb
 bounds [0x0000015ec9ca0000, 0x0000015ec9f10000, 0x0000015ed1100000]
CodeHeap 'profiled nmethods': size=119104Kb used=5498Kb max_used=5498Kb free=113605Kb
 bounds [0x0000015ec2100000, 0x0000015ec2660000, 0x0000015ec9550000]
CodeHeap 'non-nmethods': size=7488Kb used=2308Kb max_used=2879Kb free=5179Kb
 bounds [0x0000015ec9550000, 0x0000015ec9830000, 0x0000015ec9ca0000]
 total_blobs=3166 nmethods=2688 adapters=390
 compilation: enabled
              stopped_count=0, restarted_count=0
 full_count=0

Compilation events (20 events):
Event: 10.844 Thread 0x0000015ed87b1840 nmethod 2599 0x0000015ec2614c90 code [0x0000015ec2614e60, 0x0000015ec26151d8]
Event: 10.845 Thread 0x0000015edaf8f520 nmethod 2584 0x0000015ec2615310 code [0x0000015ec2615900, 0x0000015ec2619818]
Event: 10.845 Thread 0x0000015ed8663790 nmethod 2594 0x0000015ec261ab90 code [0x0000015ec261b180, 0x0000015ec261e898]
Event: 10.845 Thread 0x0000015ed8663790 2601       3       com.sun.org.apache.xerces.internal.impl.XMLErrorReporter::setFeature (44 bytes)
Event: 10.845 Thread 0x0000015edaf8f520 2602       3       com.sun.org.apache.xerces.internal.util.ParserConfigurationSettings::setFeature (42 bytes)
Event: 10.845 Thread 0x0000015edaf8f520 nmethod 2602 0x0000015ec261fe10 code [0x0000015ec2620000, 0x0000015ec26204a8]
Event: 10.845 Thread 0x0000015ed8663790 nmethod 2601 0x0000015ec2620690 code [0x0000015ec26208c0, 0x0000015ec2621078]
Event: 10.845 Thread 0x0000015ed8662540 2604       4       java.util.ArrayList::isEmpty (13 bytes)
Event: 10.845 Thread 0x0000015edaf8f520 2587       3       com.sun.org.apache.xerces.internal.util.NamespaceSupport::pushContext (65 bytes)
Event: 10.846 Thread 0x0000015ed8663790 2588       3       com.sun.org.apache.xerces.internal.util.XMLAttributesIteratorImpl::removeAllAttributes (10 bytes)
Event: 10.846 Thread 0x0000015edaf8f520 nmethod 2587 0x0000015ec2621390 code [0x0000015ec2621540, 0x0000015ec2621828]
Event: 10.846 Thread 0x0000015edaf8f520 2589       3       com.sun.org.apache.xerces.internal.util.XMLAttributesImpl::removeAllAttributes (6 bytes)
Event: 10.846 Thread 0x0000015edaf8f520 nmethod 2589 0x0000015ec2621990 code [0x0000015ec2621b20, 0x0000015ec2621c38]
Event: 10.846 Thread 0x0000015ed8663790 nmethod 2588 0x0000015ec2621d10 code [0x0000015ec2621ea0, 0x0000015ec2622018]
Event: 10.846 Thread 0x0000015ed8663790 2593   !   3       com.sun.org.apache.xerces.internal.parsers.AbstractSAXParser::endElement (110 bytes)
Event: 10.846 Thread 0x0000015edaf8f520 2598       1       javax.xml.catalog.CatalogFeatures$Feature::getPropertyName (5 bytes)
Event: 10.846 Thread 0x0000015edaf8f520 nmethod 2598 0x0000015ec9dafa10 code [0x0000015ec9dafba0, 0x0000015ec9dafc78]
Event: 10.846 Thread 0x0000015edaf8f520 2605   !   3       java.util.zip.ZipFile$Source::<init> (170 bytes)
Event: 10.846 Thread 0x0000015ed8662540 nmethod 2604 0x0000015ec9dafd10 code [0x0000015ec9dafe80, 0x0000015ec9daff18]
Event: 10.846 Thread 0x0000015ed8663790 nmethod 2593 0x0000015ec2622110 code [0x0000015ec2622300, 0x0000015ec2622778]

GC Heap History (6 events):
Event: 0.656 GC heap before
{Heap before GC invocations=1 (full 0):
 PSYoungGen      total 29696K, used 25600K [0x00000000eab00000, 0x00000000ecc00000, 0x0000000100000000)
  eden space 25600K, 100% used [0x00000000eab00000,0x00000000ec400000,0x00000000ec400000)
  from space 4096K, 0% used [0x00000000ec800000,0x00000000ec800000,0x00000000ecc00000)
  to   space 4096K, 0% used [0x00000000ec400000,0x00000000ec400000,0x00000000ec800000)
 ParOldGen       total 68608K, used 0K [0x00000000c0000000, 0x00000000c4300000, 0x00000000eab00000)
  object space 68608K, 0% used [0x00000000c0000000,0x00000000c0000000,0x00000000c4300000)
 Metaspace       used 10599K, committed 10752K, reserved 1114112K
  class space    used 1057K, committed 1152K, reserved 1048576K
}
Event: 0.661 GC heap after
{Heap after GC invocations=1 (full 0):
 PSYoungGen      total 29696K, used 3108K [0x00000000eab00000, 0x00000000ecc00000, 0x0000000100000000)
  eden space 25600K, 0% used [0x00000000eab00000,0x00000000eab00000,0x00000000ec400000)
  from space 4096K, 75% used [0x00000000ec400000,0x00000000ec709340,0x00000000ec800000)
  to   space 4096K, 0% used [0x00000000ec800000,0x00000000ec800000,0x00000000ecc00000)
 ParOldGen       total 68608K, used 16K [0x00000000c0000000, 0x00000000c4300000, 0x00000000eab00000)
  object space 68608K, 0% used [0x00000000c0000000,0x00000000c0004000,0x00000000c4300000)
 Metaspace       used 10599K, committed 10752K, reserved 1114112K
  class space    used 1057K, committed 1152K, reserved 1048576K
}
Event: 4.309 GC heap before
{Heap before GC invocations=2 (full 0):
 PSYoungGen      total 29696K, used 28708K [0x00000000eab00000, 0x00000000ecc00000, 0x0000000100000000)
  eden space 25600K, 100% used [0x00000000eab00000,0x00000000ec400000,0x00000000ec400000)
  from space 4096K, 75% used [0x00000000ec400000,0x00000000ec709340,0x00000000ec800000)
  to   space 4096K, 0% used [0x00000000ec800000,0x00000000ec800000,0x00000000ecc00000)
 ParOldGen       total 68608K, used 16K [0x00000000c0000000, 0x00000000c4300000, 0x00000000eab00000)
  object space 68608K, 0% used [0x00000000c0000000,0x00000000c0004000,0x00000000c4300000)
 Metaspace       used 14143K, committed 14336K, reserved 1114112K
  class space    used 1399K, committed 1472K, reserved 1048576K
}
Event: 4.313 GC heap after
{Heap after GC invocations=2 (full 0):
 PSYoungGen      total 29696K, used 4084K [0x00000000eab00000, 0x00000000ecc00000, 0x0000000100000000)
  eden space 25600K, 0% used [0x00000000eab00000,0x00000000eab00000,0x00000000ec400000)
  from space 4096K, 99% used [0x00000000ec800000,0x00000000ecbfd330,0x00000000ecc00000)
  to   space 4096K, 0% used [0x00000000ec400000,0x00000000ec400000,0x00000000ec800000)
 ParOldGen       total 68608K, used 1570K [0x00000000c0000000, 0x00000000c4300000, 0x00000000eab00000)
  object space 68608K, 2% used [0x00000000c0000000,0x00000000c01888e0,0x00000000c4300000)
 Metaspace       used 14143K, committed 14336K, reserved 1114112K
  class space    used 1399K, committed 1472K, reserved 1048576K
}
Event: 8.984 GC heap before
{Heap before GC invocations=3 (full 0):
 PSYoungGen      total 29696K, used 29684K [0x00000000eab00000, 0x00000000ecc00000, 0x0000000100000000)
  eden space 25600K, 100% used [0x00000000eab00000,0x00000000ec400000,0x00000000ec400000)
  from space 4096K, 99% used [0x00000000ec800000,0x00000000ecbfd330,0x00000000ecc00000)
  to   space 4096K, 0% used [0x00000000ec400000,0x00000000ec400000,0x00000000ec800000)
 ParOldGen       total 68608K, used 1570K [0x00000000c0000000, 0x00000000c4300000, 0x00000000eab00000)
  object space 68608K, 2% used [0x00000000c0000000,0x00000000c01888e0,0x00000000c4300000)
 Metaspace       used 16316K, committed 16512K, reserved 1114112K
  class space    used 1638K, committed 1728K, reserved 1048576K
}
Event: 8.989 GC heap after
{Heap after GC invocations=3 (full 0):
 PSYoungGen      total 29696K, used 4070K [0x00000000eab00000, 0x00000000ecc00000, 0x0000000100000000)
  eden space 25600K, 0% used [0x00000000eab00000,0x00000000eab00000,0x00000000ec400000)
  from space 4096K, 99% used [0x00000000ec400000,0x00000000ec7f9988,0x00000000ec800000)
  to   space 4096K, 0% used [0x00000000ec800000,0x00000000ec800000,0x00000000ecc00000)
 ParOldGen       total 68608K, used 5688K [0x00000000c0000000, 0x00000000c4300000, 0x00000000eab00000)
  object space 68608K, 8% used [0x00000000c0000000,0x00000000c058e0e0,0x00000000c4300000)
 Metaspace       used 16316K, committed 16512K, reserved 1114112K
  class space    used 1638K, committed 1728K, reserved 1048576K
}

Dll operation events (9 events):
Event: 0.007 Loaded shared library c:\Users\Zaki\.vscode\extensions\redhat.java-1.36.0-win32-x64\jre\17.0.13-win32-x86_64\bin\java.dll
Event: 0.129 Loaded shared library c:\Users\Zaki\.vscode\extensions\redhat.java-1.36.0-win32-x64\jre\17.0.13-win32-x86_64\bin\zip.dll
Event: 0.131 Loaded shared library C:\Users\Zaki\.vscode\extensions\redhat.java-1.36.0-win32-x64\jre\17.0.13-win32-x86_64\bin\instrument.dll
Event: 0.141 Loaded shared library C:\Users\Zaki\.vscode\extensions\redhat.java-1.36.0-win32-x64\jre\17.0.13-win32-x86_64\bin\net.dll
Event: 0.143 Loaded shared library C:\Users\Zaki\.vscode\extensions\redhat.java-1.36.0-win32-x64\jre\17.0.13-win32-x86_64\bin\nio.dll
Event: 0.148 Loaded shared library C:\Users\Zaki\.vscode\extensions\redhat.java-1.36.0-win32-x64\jre\17.0.13-win32-x86_64\bin\zip.dll
Event: 0.162 Loaded shared library C:\Users\Zaki\.vscode\extensions\redhat.java-1.36.0-win32-x64\jre\17.0.13-win32-x86_64\bin\jimage.dll
Event: 0.216 Loaded shared library c:\Users\Zaki\.vscode\extensions\redhat.java-1.36.0-win32-x64\jre\17.0.13-win32-x86_64\bin\verify.dll
Event: 4.298 Loaded shared library C:\Users\Zaki\AppData\Roaming\Code\User\globalStorage\redhat.java\1.36.0\config_win\org.eclipse.equinox.launcher\org.eclipse.equinox.launcher.win32.win32.x86_64_1.2.1100.v20240722-2106\eclipse_11904.dll

Deoptimization events (20 events):
Event: 10.740 Thread 0x0000015edb096830 Uncommon trap: trap_request=0xffffff45 fr.pc=0x0000015ec9ce0054 relative=0x0000000000000374
Event: 10.740 Thread 0x0000015edb096830 Uncommon trap: reason=unstable_if action=reinterpret pc=0x0000015ec9ce0054 method=java.lang.invoke.VarHandle.checkExactAccessMode(Ljava/lang/invoke/VarHandle$AccessDescriptor;)V @ 4 c2
Event: 10.740 Thread 0x0000015edb096830 DEOPT PACKING pc=0x0000015ec9ce0054 sp=0x0000005e4c7fd6a0
Event: 10.740 Thread 0x0000015edb096830 DEOPT UNPACKING pc=0x0000015ec95a66a3 sp=0x0000005e4c7fd600 mode 2
Event: 10.749 Thread 0x0000015edb096830 Uncommon trap: trap_request=0xffffff45 fr.pc=0x0000015ec9d49e14 relative=0x0000000000002074
Event: 10.749 Thread 0x0000015edb096830 Uncommon trap: reason=unstable_if action=reinterpret pc=0x0000015ec9d49e14 method=java.io.WinNTFileSystem.normalize(Ljava/lang/String;II)Ljava/lang/String; @ 100 c2
Event: 10.749 Thread 0x0000015edb096830 DEOPT PACKING pc=0x0000015ec9d49e14 sp=0x0000005e4c7f9070
Event: 10.749 Thread 0x0000015edb096830 DEOPT UNPACKING pc=0x0000015ec95a66a3 sp=0x0000005e4c7f8fb0 mode 2
Event: 10.794 Thread 0x0000015edb096830 Uncommon trap: trap_request=0xffffffc6 fr.pc=0x0000015ec9d92610 relative=0x0000000000000df0
Event: 10.794 Thread 0x0000015edb096830 Uncommon trap: reason=bimorphic_or_optimized_type_check action=maybe_recompile pc=0x0000015ec9d92610 method=java.util.Properties$LineReader.readLine()I @ 479 c2
Event: 10.794 Thread 0x0000015edb096830 DEOPT PACKING pc=0x0000015ec9d92610 sp=0x0000005e4c7f7e20
Event: 10.794 Thread 0x0000015edb096830 DEOPT UNPACKING pc=0x0000015ec95a66a3 sp=0x0000005e4c7f7db0 mode 2
Event: 10.796 Thread 0x0000015edb096830 Uncommon trap: trap_request=0xffffff45 fr.pc=0x0000015ec9d8584c relative=0x0000000000000f2c
Event: 10.796 Thread 0x0000015edb096830 Uncommon trap: reason=unstable_if action=reinterpret pc=0x0000015ec9d8584c method=java.util.Properties.loadConvert([CIILjava/lang/StringBuilder;)Ljava/lang/String; @ 491 c2
Event: 10.796 Thread 0x0000015edb096830 DEOPT PACKING pc=0x0000015ec9d8584c sp=0x0000005e4c7f76b0
Event: 10.796 Thread 0x0000015edb096830 DEOPT UNPACKING pc=0x0000015ec95a66a3 sp=0x0000005e4c7f7690 mode 2
Event: 10.797 Thread 0x0000015edb096830 Uncommon trap: trap_request=0xffffffc6 fr.pc=0x0000015ec9d92610 relative=0x0000000000000df0
Event: 10.797 Thread 0x0000015edb096830 Uncommon trap: reason=bimorphic_or_optimized_type_check action=maybe_recompile pc=0x0000015ec9d92610 method=java.util.Properties$LineReader.readLine()I @ 479 c2
Event: 10.797 Thread 0x0000015edb096830 DEOPT PACKING pc=0x0000015ec9d92610 sp=0x0000005e4c7f76e0
Event: 10.797 Thread 0x0000015edb096830 DEOPT UNPACKING pc=0x0000015ec95a66a3 sp=0x0000005e4c7f7670 mode 2

Classes loaded (20 events):
Event: 10.720 Loading class java/io/CharConversionException done
Event: 10.720 Loading class com/sun/org/apache/xerces/internal/impl/io/MalformedByteSequenceException done
Event: 10.726 Loading class java/util/concurrent/CompletionStage
Event: 10.726 Loading class java/util/concurrent/CompletionStage done
Event: 10.727 Loading class java/util/Timer
Event: 10.727 Loading class java/util/Timer done
Event: 10.727 Loading class java/util/TaskQueue
Event: 10.727 Loading class java/util/TaskQueue done
Event: 10.727 Loading class java/util/TimerThread
Event: 10.727 Loading class java/util/TimerThread done
Event: 10.727 Loading class java/util/Timer$ThreadReaper
Event: 10.727 Loading class java/util/Timer$ThreadReaper done
Event: 10.734 Loading class java/util/concurrent/locks/ReentrantLock$FairSync
Event: 10.734 Loading class java/util/concurrent/locks/ReentrantLock$FairSync done
Event: 10.794 Loading class jdk/internal/reflect/UnsafeStaticObjectFieldAccessorImpl
Event: 10.794 Loading class jdk/internal/reflect/UnsafeStaticObjectFieldAccessorImpl done
Event: 10.795 Loading class java/lang/IllegalCallerException
Event: 10.795 Loading class java/lang/IllegalCallerException done
Event: 10.799 Loading class org/xml/sax/SAXParseException
Event: 10.799 Loading class org/xml/sax/SAXParseException done

Classes unloaded (0 events):
No events

Classes redefined (0 events):
No events

Internal exceptions (20 events):
Event: 0.653 Thread 0x0000015ebf473860 Implicit null exception at 0x0000015ec9cefd8e to 0x0000015ec9ceffb8
Event: 0.653 Thread 0x0000015ebf473860 Implicit null exception at 0x0000015ec9cf2c0e to 0x0000015ec9cf2e3c
Event: 0.653 Thread 0x0000015ebf473860 Implicit null exception at 0x0000015ec9ceda8f to 0x0000015ec9cedb05
Event: 0.699 Thread 0x0000015ebf473860 Exception <a 'java/lang/NoSuchMethodError'{0x00000000ead55fd8}: 'int java.lang.invoke.DirectMethodHandle$Holder.invokeStaticInit(java.lang.Object, java.lang.Object, java.lang.Object, java.lang.Object)'> (0x00000000ead55fd8) 
thrown [s\src\hotspot\share\interpreter\linkResolver.cpp, line 759]
Event: 0.700 Thread 0x0000015ebf473860 Exception <a 'java/lang/NoSuchMethodError'{0x00000000ead60740}: 'java.lang.Object java.lang.invoke.DirectMethodHandle$Holder.invokeInterface(java.lang.Object, java.lang.Object)'> (0x00000000ead60740) 
thrown [s\src\hotspot\share\interpreter\linkResolver.cpp, line 759]
Event: 0.701 Thread 0x0000015ebf473860 Exception <a 'java/lang/IncompatibleClassChangeError'{0x00000000ead63f38}: Found class java.lang.Object, but interface was expected> (0x00000000ead63f38) 
thrown [s\src\hotspot\share\interpreter\linkResolver.cpp, line 826]
Event: 0.701 Thread 0x0000015ebf473860 Exception <a 'java/lang/NoSuchMethodError'{0x00000000ead68668}: 'void java.lang.invoke.DirectMethodHandle$Holder.invokeStatic(java.lang.Object, java.lang.Object)'> (0x00000000ead68668) 
thrown [s\src\hotspot\share\interpreter\linkResolver.cpp, line 759]
Event: 0.702 Thread 0x0000015ebf473860 Exception <a 'java/lang/NoSuchMethodError'{0x00000000ead6be68}: 'void java.lang.invoke.DirectMethodHandle$Holder.invokeStaticInit(java.lang.Object, java.lang.Object)'> (0x00000000ead6be68) 
thrown [s\src\hotspot\share\interpreter\linkResolver.cpp, line 759]
Event: 0.703 Thread 0x0000015ebf473860 Exception <a 'java/lang/NoSuchMethodError'{0x00000000ead733e8}: 'int java.lang.invoke.DirectMethodHandle$Holder.invokeStaticInit(java.lang.Object, java.lang.Object)'> (0x00000000ead733e8) 
thrown [s\src\hotspot\share\interpreter\linkResolver.cpp, line 759]
Event: 0.767 Thread 0x0000015ebf473860 Exception <a 'java/lang/NoSuchMethodError'{0x00000000eaec2f70}: 'void java.lang.invoke.DirectMethodHandle$Holder.invokeSpecial(java.lang.Object, java.lang.Object, java.lang.Object)'> (0x00000000eaec2f70) 
thrown [s\src\hotspot\share\interpreter\linkResolver.cpp, line 759]
Event: 1.043 Thread 0x0000015ebf473860 Exception <a 'java/lang/NoSuchMethodError'{0x00000000ebcffc60}: 'java.lang.Object java.lang.invoke.DirectMethodHandle$Holder.newInvokeSpecial(java.lang.Object, int, java.lang.Object)'> (0x00000000ebcffc60) 
thrown [s\src\hotspot\share\interpreter\linkResolver.cpp, line 759]
Event: 4.293 Thread 0x0000015ebf473860 Exception <a 'java/lang/UnsatisfiedLinkError'{0x00000000ec2ea0f8}: 'void org.eclipse.equinox.launcher.JNIBridge._update_splash()'> (0x00000000ec2ea0f8) 
thrown [s\src\hotspot\share\prims\nativeLookup.cpp, line 543]
Event: 4.304 Thread 0x0000015edb0d43c0 Exception <a 'java/lang/NoSuchMethodError'{0x00000000ec3d5190}: 'java.lang.Object java.lang.invoke.Invokers$Holder.invokeExact_MT(java.lang.Object, java.lang.Object, java.lang.Object, java.lang.Object, java.lang.Object, java.lang.Object)'> (0x00000000ec3d5190) 
thrown [s\src\hotspot\share\interpreter\linkResolver.cpp, line 759]
Event: 4.307 Thread 0x0000015edb0d43c0 Exception <a 'java/lang/NoSuchMethodError'{0x00000000ec3e9270}: 'int java.lang.invoke.DirectMethodHandle$Holder.invokeSpecial(java.lang.Object, java.lang.Object, java.lang.Object)'> (0x00000000ec3e9270) 
thrown [s\src\hotspot\share\interpreter\linkResolver.cpp, line 759]
Event: 4.413 Thread 0x0000015edb096830 Exception <a 'java/lang/NoSuchMethodError'{0x00000000eafd1e08}: 'java.lang.Object java.lang.invoke.DirectMethodHandle$Holder.invokeStaticInit(java.lang.Object)'> (0x00000000eafd1e08) 
thrown [s\src\hotspot\share\interpreter\linkResolver.cpp, line 759]
Event: 4.435 Thread 0x0000015edb096830 Exception <a 'java/lang/NoSuchMethodError'{0x00000000eb09ca70}: 'java.lang.Object java.lang.invoke.DirectMethodHandle$Holder.newInvokeSpecial(java.lang.Object, java.lang.Object, int, java.lang.Object)'> (0x00000000eb09ca70) 
thrown [s\src\hotspot\share\interpreter\linkResolver.cpp, line 759]
Event: 4.435 Thread 0x0000015edb096830 Exception <a 'java/lang/NoSuchMethodError'{0x00000000eb0a0d58}: 'java.lang.Object java.lang.invoke.DirectMethodHandle$Holder.invokeSpecial(java.lang.Object, java.lang.Object, java.lang.Object, int, java.lang.Object)'> (0x00000000eb0a0d58) 
thrown [s\src\hotspot\share\interpreter\linkResolver.cpp, line 759]
Event: 4.494 Thread 0x0000015edb096830 Exception <a 'java/lang/ClassNotFoundException'{0x00000000eb2e0ec8}: sun/util/logging/resources/spi/loggingProvider> (0x00000000eb2e0ec8) 
thrown [s\src\hotspot\share\classfile\systemDictionary.cpp, line 256]
Event: 10.688 Thread 0x0000015edb096830 Exception <a 'java/lang/NullPointerException'{0x00000000eb1b9ad0}> (0x00000000eb1b9ad0) 
thrown [s\src\hotspot\share\interpreter\linkResolver.cpp, line 1350]
Event: 10.688 Thread 0x0000015edb096830 Exception <a 'java/lang/NullPointerException'{0x00000000eb1b9da8}> (0x00000000eb1b9da8) 
thrown [s\src\hotspot\share\interpreter\linkResolver.cpp, line 1350]

VM Operations (20 events):
Event: 4.478 Executing VM operation: HandshakeAllThreads
Event: 4.478 Executing VM operation: HandshakeAllThreads done
Event: 4.505 Executing VM operation: HandshakeAllThreads
Event: 4.505 Executing VM operation: HandshakeAllThreads done
Event: 4.517 Executing VM operation: HandshakeAllThreads
Event: 4.517 Executing VM operation: HandshakeAllThreads done
Event: 4.636 Executing VM operation: HandshakeAllThreads
Event: 4.636 Executing VM operation: HandshakeAllThreads done
Event: 5.643 Executing VM operation: Cleanup
Event: 5.643 Executing VM operation: Cleanup done
Event: 6.658 Executing VM operation: Cleanup
Event: 6.658 Executing VM operation: Cleanup done
Event: 8.682 Executing VM operation: Cleanup
Event: 8.682 Executing VM operation: Cleanup done
Event: 8.984 Executing VM operation: ParallelGCFailedAllocation
Event: 8.989 Executing VM operation: ParallelGCFailedAllocation done
Event: 9.991 Executing VM operation: Cleanup
Event: 9.991 Executing VM operation: Cleanup done
Event: 10.686 Executing VM operation: HandshakeAllThreads
Event: 10.686 Executing VM operation: HandshakeAllThreads done

Memory protections (0 events):
No events

Nmethod flushes (0 events):
No events

Events (20 events):
Event: 4.292 Thread 0x0000015ed8663790 Thread added: 0x0000015ed878fdf0
Event: 4.292 Thread 0x0000015ebf473860 Thread added: 0x0000015edb0d43c0
Event: 4.334 Thread 0x0000015edb0d43c0 Thread added: 0x0000015edb0bdf10
Event: 4.344 Thread 0x0000015ebf473860 Thread added: 0x0000015edb096830
Event: 4.633 Thread 0x0000015ed878fdf0 Thread exited: 0x0000015ed878fdf0
Event: 4.639 Thread 0x0000015ed8662540 Thread added: 0x0000015edafbd7a0
Event: 4.642 Thread 0x0000015ed8663790 Thread added: 0x0000015edafcbaa0
Event: 4.649 Thread 0x0000015ed8663790 Thread added: 0x0000015edaf92160
Event: 5.099 Thread 0x0000015edaf92160 Thread exited: 0x0000015edaf92160
Event: 5.231 Thread 0x0000015edafcbaa0 Thread exited: 0x0000015edafcbaa0
Event: 5.441 Thread 0x0000015edafbd7a0 Thread exited: 0x0000015edafbd7a0
Event: 6.043 Thread 0x0000015ed8663790 Thread added: 0x0000015edafcbaa0
Event: 6.181 Thread 0x0000015edb096830 Thread added: 0x0000015ed888b010
Event: 6.308 Thread 0x0000015edafcbaa0 Thread exited: 0x0000015edafcbaa0
Event: 8.981 Thread 0x0000015ed8663790 Thread added: 0x0000015edab52820
Event: 9.259 Thread 0x0000015edab52820 Thread exited: 0x0000015edab52820
Event: 10.670 Thread 0x0000015edb096830 Thread added: 0x0000015edadfce00
Event: 10.679 Thread 0x0000015ed8663790 Thread added: 0x0000015edaf8f520
Event: 10.727 Thread 0x0000015edb096830 Thread added: 0x0000015edadfc8f0
Event: 10.839 Thread 0x0000015ed8663790 Thread added: 0x0000015ed87b1840


Dynamic libraries:
0x00007ff77df10000 - 0x00007ff77df1e000 	c:\Users\Zaki\.vscode\extensions\redhat.java-1.36.0-win32-x64\jre\17.0.13-win32-x86_64\bin\java.exe
0x00007ff9e8250000 - 0x00007ff9e8467000 	C:\Windows\SYSTEM32\ntdll.dll
0x00007ff9e6970000 - 0x00007ff9e6a34000 	C:\Windows\System32\KERNEL32.DLL
0x00007ff9e59a0000 - 0x00007ff9e5d59000 	C:\Windows\System32\KERNELBASE.dll
0x00007ff9e5e50000 - 0x00007ff9e5f61000 	C:\Windows\System32\ucrtbase.dll
0x00007ff99e490000 - 0x00007ff99e4ae000 	c:\Users\Zaki\.vscode\extensions\redhat.java-1.36.0-win32-x64\jre\17.0.13-win32-x86_64\bin\VCRUNTIME140.dll
0x00007ff9ac460000 - 0x00007ff9ac477000 	c:\Users\Zaki\.vscode\extensions\redhat.java-1.36.0-win32-x64\jre\17.0.13-win32-x86_64\bin\jli.dll
0x00007ff9e7d80000 - 0x00007ff9e7f2e000 	C:\Windows\System32\USER32.dll
0x00007ff9e5d60000 - 0x00007ff9e5d86000 	C:\Windows\System32\win32u.dll
0x00007ff9d2860000 - 0x00007ff9d2af2000 	C:\Windows\WinSxS\amd64_microsoft.windows.common-controls_6595b64144ccf1df_6.0.22621.4391_none_2715d37f73803e96\COMCTL32.dll
0x00007ff9e6a50000 - 0x00007ff9e6a79000 	C:\Windows\System32\GDI32.dll
0x00007ff9e6da0000 - 0x00007ff9e6e47000 	C:\Windows\System32\msvcrt.dll
0x00007ff9e5620000 - 0x00007ff9e573b000 	C:\Windows\System32\gdi32full.dll
0x00007ff9e5580000 - 0x00007ff9e561a000 	C:\Windows\System32\msvcp_win.dll
0x00007ff9e6930000 - 0x00007ff9e6961000 	C:\Windows\System32\IMM32.DLL
0x00007ff9dd8b0000 - 0x00007ff9dd8bc000 	c:\Users\Zaki\.vscode\extensions\redhat.java-1.36.0-win32-x64\jre\17.0.13-win32-x86_64\bin\vcruntime140_1.dll
0x00007ff9804b0000 - 0x00007ff98053d000 	c:\Users\Zaki\.vscode\extensions\redhat.java-1.36.0-win32-x64\jre\17.0.13-win32-x86_64\bin\msvcp140.dll
0x00007ff976a00000 - 0x00007ff97766b000 	c:\Users\Zaki\.vscode\extensions\redhat.java-1.36.0-win32-x64\jre\17.0.13-win32-x86_64\bin\server\jvm.dll
0x00007ff9e7190000 - 0x00007ff9e7242000 	C:\Windows\System32\ADVAPI32.dll
0x00007ff9e8160000 - 0x00007ff9e8207000 	C:\Windows\System32\sechost.dll
0x00007ff9e5550000 - 0x00007ff9e5578000 	C:\Windows\System32\bcrypt.dll
0x00007ff9e7330000 - 0x00007ff9e7444000 	C:\Windows\System32\RPCRT4.dll
0x00007ff9e7f90000 - 0x00007ff9e8001000 	C:\Windows\System32\WS2_32.dll
0x00007ff9e5270000 - 0x00007ff9e52bd000 	C:\Windows\SYSTEM32\POWRPROF.dll
0x00007ff9e00c0000 - 0x00007ff9e00f4000 	C:\Windows\SYSTEM32\WINMM.dll
0x00007ff9dd880000 - 0x00007ff9dd88a000 	C:\Windows\SYSTEM32\VERSION.dll
0x00007ff9e5250000 - 0x00007ff9e5263000 	C:\Windows\SYSTEM32\UMPDC.dll
0x00007ff9e4550000 - 0x00007ff9e4568000 	C:\Windows\SYSTEM32\kernel.appcore.dll
0x00007ff9dc6a0000 - 0x00007ff9dc6aa000 	c:\Users\Zaki\.vscode\extensions\redhat.java-1.36.0-win32-x64\jre\17.0.13-win32-x86_64\bin\jimage.dll
0x00007ff9dc9f0000 - 0x00007ff9dcc22000 	C:\Windows\SYSTEM32\DBGHELP.DLL
0x00007ff9e6550000 - 0x00007ff9e68df000 	C:\Windows\System32\combase.dll
0x00007ff9e7250000 - 0x00007ff9e7327000 	C:\Windows\System32\OLEAUT32.dll
0x00007ff9da060000 - 0x00007ff9da092000 	C:\Windows\SYSTEM32\dbgcore.DLL
0x00007ff9e5920000 - 0x00007ff9e599b000 	C:\Windows\System32\bcryptPrimitives.dll
0x00007ff9cfc90000 - 0x00007ff9cfc9e000 	c:\Users\Zaki\.vscode\extensions\redhat.java-1.36.0-win32-x64\jre\17.0.13-win32-x86_64\bin\instrument.dll
0x00007ff99e4b0000 - 0x00007ff99e4d5000 	c:\Users\Zaki\.vscode\extensions\redhat.java-1.36.0-win32-x64\jre\17.0.13-win32-x86_64\bin\java.dll
0x00007ff9b9b30000 - 0x00007ff9b9b48000 	c:\Users\Zaki\.vscode\extensions\redhat.java-1.36.0-win32-x64\jre\17.0.13-win32-x86_64\bin\zip.dll
0x00007ff9e7500000 - 0x00007ff9e7d76000 	C:\Windows\System32\SHELL32.dll
0x00007ff9e3440000 - 0x00007ff9e3d43000 	C:\Windows\SYSTEM32\windows.storage.dll
0x00007ff9e3300000 - 0x00007ff9e343f000 	C:\Windows\SYSTEM32\wintypes.dll
0x00007ff9e6450000 - 0x00007ff9e6549000 	C:\Windows\System32\SHCORE.dll
0x00007ff9e63f0000 - 0x00007ff9e644e000 	C:\Windows\System32\shlwapi.dll
0x00007ff9e5480000 - 0x00007ff9e54ab000 	C:\Windows\SYSTEM32\profapi.dll
0x00007ff991810000 - 0x00007ff991829000 	C:\Users\Zaki\.vscode\extensions\redhat.java-1.36.0-win32-x64\jre\17.0.13-win32-x86_64\bin\net.dll
0x00007ff9e1610000 - 0x00007ff9e1746000 	C:\Windows\SYSTEM32\WINHTTP.dll
0x00007ff9e49c0000 - 0x00007ff9e4a29000 	C:\Windows\system32\mswsock.dll
0x00007ff98c950000 - 0x00007ff98c966000 	C:\Users\Zaki\.vscode\extensions\redhat.java-1.36.0-win32-x64\jre\17.0.13-win32-x86_64\bin\nio.dll
0x00007ff9cd490000 - 0x00007ff9cd4a0000 	c:\Users\Zaki\.vscode\extensions\redhat.java-1.36.0-win32-x64\jre\17.0.13-win32-x86_64\bin\verify.dll
0x00007ff9918b0000 - 0x00007ff9918f5000 	C:\Users\Zaki\AppData\Roaming\Code\User\globalStorage\redhat.java\1.36.0\config_win\org.eclipse.equinox.launcher\org.eclipse.equinox.launcher.win32.win32.x86_64_1.2.1100.v20240722-2106\eclipse_11904.dll
0x00007ff9e6e80000 - 0x00007ff9e7025000 	C:\Windows\System32\ole32.dll

dbghelp: loaded successfully - version: 4.0.5 - missing functions: none
symbol engine: initialized successfully - sym options: 0x614 - pdb path: .;c:\Users\Zaki\.vscode\extensions\redhat.java-1.36.0-win32-x64\jre\17.0.13-win32-x86_64\bin;C:\Windows\SYSTEM32;C:\Windows\WinSxS\amd64_microsoft.windows.common-controls_6595b64144ccf1df_6.0.22621.4391_none_2715d37f73803e96;c:\Users\Zaki\.vscode\extensions\redhat.java-1.36.0-win32-x64\jre\17.0.13-win32-x86_64\bin\server;C:\Users\Zaki\AppData\Roaming\Code\User\globalStorage\redhat.java\1.36.0\config_win\org.eclipse.equinox.launcher\org.eclipse.equinox.launcher.win32.win32.x86_64_1.2.1100.v20240722-2106

VM Arguments:
jvm_args: --add-modules=ALL-SYSTEM --add-opens=java.base/java.util=ALL-UNNAMED --add-opens=java.base/java.lang=ALL-UNNAMED --add-opens=java.base/sun.nio.fs=ALL-UNNAMED -Declipse.application=org.eclipse.jdt.ls.core.id1 -Dosgi.bundles.defaultStartLevel=4 -Declipse.product=org.eclipse.jdt.ls.core.product -Djava.import.generatesMetadataFilesAtProjectRoot=false -DDetectVMInstallationsJob.disabled=true -Dfile.encoding=utf8 -XX:+UseParallelGC -XX:GCTimeRatio=4 -XX:AdaptiveSizePolicyWeight=90 -Dsun.zip.disableMemoryMapping=true -Xmx1G -Xms100m -Xlog:disable -javaagent:c:\Users\Zaki\.vscode\extensions\redhat.java-1.36.0-win32-x64\lombok\lombok-1.18.35.jar -XX:+HeapDumpOnOutOfMemoryError -XX:HeapDumpPath=c:\Users\Zaki\AppData\Roaming\Code\User\workspaceStorage\3bf5f1aec38f26d514bc89458b725582\redhat.java -Daether.dependencyCollector.impl=bf 
java_command: c:\Users\Zaki\.vscode\extensions\redhat.java-1.36.0-win32-x64\server\plugins\org.eclipse.equinox.launcher_1.6.900.v20240613-2009.jar -configuration c:\Users\Zaki\AppData\Roaming\Code\User\globalStorage\redhat.java\1.36.0\config_win -data c:\Users\Zaki\AppData\Roaming\Code\User\workspaceStorage\3bf5f1aec38f26d514bc89458b725582\redhat.java\jdt_ws --pipe=\\.\pipe\lsp-2e7aacf3ff8660b491e1c79b50957c74-sock
java_class_path (initial): c:\Users\Zaki\.vscode\extensions\redhat.java-1.36.0-win32-x64\server\plugins\org.eclipse.equinox.launcher_1.6.900.v20240613-2009.jar
Launcher Type: SUN_STANDARD

[Global flags]
    uintx AdaptiveSizePolicyWeight                 = 90                                        {product} {command line}
     intx CICompilerCount                          = 12                                        {product} {ergonomic}
    uintx GCTimeRatio                              = 4                                         {product} {command line}
     bool HeapDumpOnOutOfMemoryError               = true                                   {manageable} {command line}
    ccstr HeapDumpPath                             = c:\Users\Zaki\AppData\Roaming\Code\User\workspaceStorage\3bf5f1aec38f26d514bc89458b725582\redhat.java         {manageable} {command line}
   size_t InitialHeapSize                          = 104857600                                 {product} {command line}
   size_t MaxHeapSize                              = 1073741824                                {product} {command line}
   size_t MaxNewSize                               = 357564416                                 {product} {ergonomic}
   size_t MinHeapDeltaBytes                        = 524288                                    {product} {ergonomic}
   size_t MinHeapSize                              = 104857600                                 {product} {command line}
   size_t NewSize                                  = 34603008                                  {product} {ergonomic}
    uintx NonNMethodCodeHeapSize                   = 7602480                                {pd product} {ergonomic}
    uintx NonProfiledCodeHeapSize                  = 122027880                              {pd product} {ergonomic}
   size_t OldSize                                  = 70254592                                  {product} {ergonomic}
    uintx ProfiledCodeHeapSize                     = 122027880                              {pd product} {ergonomic}
    uintx ReservedCodeCacheSize                    = 251658240                              {pd product} {ergonomic}
     bool SegmentedCodeCache                       = true                                      {product} {ergonomic}
   size_t SoftMaxHeapSize                          = 1073741824                             {manageable} {ergonomic}
     bool UseCompressedClassPointers               = true                           {product lp64_product} {ergonomic}
     bool UseCompressedOops                        = true                           {product lp64_product} {ergonomic}
     bool UseLargePagesIndividualAllocation        = false                                  {pd product} {ergonomic}
     bool UseParallelGC                            = true                                      {product} {command line}

Logging:
Log output configuration:
 #0: stdout all=off uptime,level,tags
 #1: stderr all=off uptime,level,tags

Environment Variables:
JAVA_HOME=C:\Program Files\Eclipse Adoptium\jdk-17.0.12.7-hotspot\
PATH=C:\Program Files\Eclipse Adoptium\jdk-17.0.12.7-hotspot\bin;D:\Games\Scripts\;D:\Games\;C:\Program Files (x86)\Common Files\Oracle\Java\javapath;C:\Windows\system32;C:\Windows;C:\Windows\System32\Wbem;C:\Windows\System32\WindowsPowerShell\v1.0\;C:\Windows\System32\OpenSSH\;C:\Program Files\dotnet\;C:\Program Files\apache-maven-3.9.9\bin;C:\Users\Zaki\AppData\Local\Microsoft\WindowsApps;D:\Games\Microsoft VS Code\bin;
USERNAME=Zaki
OS=Windows_NT
PROCESSOR_IDENTIFIER=AMD64 Family 23 Model 96 Stepping 1, AuthenticAMD
TMP=C:\Users\Zaki\AppData\Local\Temp
TEMP=C:\Users\Zaki\AppData\Local\Temp



Periodic native trim disabled


---------------  S Y S T E M  ---------------

OS:
 Windows 11 , 64 bit Build 22621 (10.0.22621.4391)
OS uptime: 0 days 0:17 hours
Hyper-V role detected

CPU: total 16 (initial active 16) (16 cores per cpu, 2 threads per core) family 23 model 96 stepping 1 microcode 0x0, cx8, cmov, fxsr, ht, mmx, 3dnowpref, sse, sse2, sse3, ssse3, sse4a, sse4.1, sse4.2, popcnt, lzcnt, tsc, tscinvbit, avx, avx2, aes, clmul, bmi1, bmi2, adx, sha, fma, vzeroupper, clflush, clflushopt, hv
Processor Information for all 16 processors :
  Max Mhz: 2901, Current Mhz: 2901, Mhz Limit: 2901

Memory: 4k page, system-wide physical 15790M (9725M free)
TotalPageFile size 29614M (AvailPageFile size 20105M)
current process WorkingSet (physical memory assigned to process): 107M, peak: 107M
current process commit charge ("private bytes"): 234M, peak: 234M

vm_info: OpenJDK 64-Bit Server VM (17.0.13+11) for windows-amd64 JRE (17.0.13+11), built on Oct 16 2024 00:10:08 by "admin" with MS VC++ 17.7 (VS2022)

END.
